<?xml version="1.0" encoding="UTF-8"?>
<!-- Generated by org.testng.reporters.JUnitReportReporter -->
<testsuite hostname="Narsingoju" failures="0" tests="1" name="com.inetbanking.testcases.TC_Login_001" time="21.871" errors="0" timestamp="2022-06-25T07:59:23 IST" skipped="0">
  <testcase classname="com.inetbanking.testcases.TC_Login_001" name="loginTest" time="21.871"/>
  <system-out/>
</testsuite> <!-- com.inetbanking.testcases.TC_Login_001 -->
