<?xml version="1.0" encoding="UTF-8"?>
<!-- Generated by org.testng.reporters.JUnitReportReporter -->
<testsuite hostname="Narsingoju" failures="0" tests="2" name="com.inetbanking.testcases.test_Sample_Verify" time="13.783" errors="0" timestamp="2022-11-22T17:39:54 IST" skipped="0">
  <testcase classname="com.inetbanking.testcases.test_Sample_Verify" name="testVerifyTitle" time="6.069"/>
  <system-out/>
  <testcase classname="com.inetbanking.testcases.test_Sample_Verify" name="testLogo" time="7.714"/>
  <system-out/>
</testsuite> <!-- com.inetbanking.testcases.test_Sample_Verify -->
