<?xml version="1.0" encoding="UTF-8"?>
<!-- Generated by org.testng.reporters.JUnitReportReporter -->
<testsuite hostname="Narsingoju" failures="0" tests="1" name="com.inetbanking.testcases.TC_Login_001" time="6.010" errors="0" timestamp="10 Dec 2021 08:03:55 GMT" skipped="0">
  <testcase classname="com.inetbanking.testcases.TC_Login_001" name="loginTest" time="6.010"/>
</testsuite> <!-- com.inetbanking.testcases.TC_Login_001 -->
