<?xml version="1.0" encoding="UTF-8"?>
<!-- Generated by org.testng.reporters.JUnitReportReporter -->
<testsuite hostname="Narsingoju" failures="0" tests="2" name="com.inetbanking.testcases.TC_Sample_Verify" time="12.823" errors="0" timestamp="2022-06-25T07:59:23 IST" skipped="0">
  <testcase classname="com.inetbanking.testcases.TC_Sample_Verify" name="testVerifyTitle" time="6.314"/>
  <system-out/>
  <testcase classname="com.inetbanking.testcases.TC_Sample_Verify" name="testLogo" time="6.509"/>
  <system-out/>
</testsuite> <!-- com.inetbanking.testcases.TC_Sample_Verify -->
