<?xml version="1.0" encoding="UTF-8"?>
<!-- Generated by org.testng.reporters.JUnitReportReporter -->
<testsuite skipped="0" hostname="Narsingoju" name="com.inetbanking.testcases.test_Login_001" tests="1" failures="0" timestamp="2022-08-20T20:22:29 IST" time="21.559" errors="0">
  <testcase name="loginTest" time="21.559" classname="com.inetbanking.testcases.test_Login_001"/>
  <system-out/>
</testsuite> <!-- com.inetbanking.testcases.test_Login_001 -->
